bastan2/build/app/intermediates/manifest_merge_blame_file/debug/manifest-merger-blame-debug-report.txt
1<?xml version="1.0" encoding="utf-8"?>
2<manifest xmlns:android="http://schemas.android.com/apk/res/android"
3    package="com.example.bastan2"
4    android:versionCode="1"
5    android:versionName="1.0.0" >
6
7    <uses-sdk
8        android:minSdkVersion="21"
9        android:targetSdkVersion="33" />
10    <!--
11         The INTERNET permission is required for development. Specifically,
12         the Flutter tool needs it to communicate with the running application
13         to allow setting breakpoints, to provide hot reload, etc.
14    -->
15    <uses-permission android:name="android.permission.INTERNET" />
15-->src\debug\AndroidManifest.xml:6:5-66
15-->src\debug\AndroidManifest.xml:6:22-64
16
17    <queries>
17-->[:flutter_inappwebview] AndroidManifest.xml:9:5-13:15
18        <intent>
18-->[:flutter_inappwebview] AndroidManifest.xml:10:9-12:18
19            <action android:name="android.support.customtabs.action.CustomTabsService" />
19-->[:flutter_inappwebview] AndroidManifest.xml:11:13-90
19-->[:flutter_inappwebview] AndroidManifest.xml:11:21-87
20        </intent>
21    </queries>
22
23    <uses-permission android:name="android.permission.ACCESS_NETWORK_STATE" />
23-->[com.google.firebase:firebase-auth:22.1.1] AndroidManifest.xml:26:5-79
23-->[com.google.firebase:firebase-auth:22.1.1] AndroidManifest.xml:26:22-76
24
25    <application
26        android:name="android.app.Application"
27        android:appComponentFactory="androidx.core.app.CoreComponentFactory"
27-->[androidx.core:core:1.8.0] AndroidManifest.xml:24:18-86
28        android:debuggable="true"
29        android:icon="@mipmap/ic_launcher"
30        android:label="bastan2" >
31        <activity
32            android:name="com.example.bastan2.MainActivity"
33            android:configChanges="orientation|keyboardHidden|keyboard|screenSize|smallestScreenSize|locale|layoutDirection|fontScale|screenLayout|density|uiMode"
34            android:exported="true"
35            android:hardwareAccelerated="true"
36            android:launchMode="singleTop"
37            android:theme="@style/LaunchTheme"
38            android:windowSoftInputMode="adjustResize" >
39
40            <!--
41                 Specifies an Android theme to apply to this Activity as soon as
42                 the Android process has started. This theme is visible to the user
43                 while the Flutter UI initializes. After that, this theme continues
44                 to determine the Window background behind the Flutter UI.
45            -->
46            <meta-data
47                android:name="io.flutter.embedding.android.NormalTheme"
48                android:resource="@style/NormalTheme" />
49
50            <intent-filter>
51                <action android:name="android.intent.action.MAIN" />
52
53                <category android:name="android.intent.category.LAUNCHER" />
54            </intent-filter>
55        </activity>
56        <!--
57             Don't delete the meta-data below.
58             This is used by the Flutter tool to generate GeneratedPluginRegistrant.java
59        -->
60        <meta-data
61            android:name="flutterEmbedding"
62            android:value="2" />
63
64        <service
64-->[:firebase_auth] AndroidManifest.xml:10:9-14:19
65            android:name="com.google.firebase.components.ComponentDiscoveryService"
65-->[:firebase_auth] AndroidManifest.xml:10:18-89
66            android:directBootAware="true"
66-->[com.google.firebase:firebase-common:20.3.3] AndroidManifest.xml:34:13-43
67            android:exported="false" >
67-->[com.google.firebase:firebase-auth:22.1.1] AndroidManifest.xml:68:13-37
68            <meta-data
68-->[:firebase_auth] AndroidManifest.xml:11:13-13:85
69                android:name="com.google.firebase.components:io.flutter.plugins.firebase.auth.FlutterFirebaseAuthRegistrar"
69-->[:firebase_auth] AndroidManifest.xml:12:17-124
70                android:value="com.google.firebase.components.ComponentRegistrar" />
70-->[:firebase_auth] AndroidManifest.xml:13:17-82
71            <meta-data
71-->[:cloud_firestore] AndroidManifest.xml:11:13-13:85
72                android:name="com.google.firebase.components:io.flutter.plugins.firebase.firestore.FlutterFirebaseFirestoreRegistrar"
72-->[:cloud_firestore] AndroidManifest.xml:12:17-134
73                android:value="com.google.firebase.components.ComponentRegistrar" />
73-->[:cloud_firestore] AndroidManifest.xml:13:17-82
74            <meta-data
74-->[:firebase_core] AndroidManifest.xml:11:13-13:85
75                android:name="com.google.firebase.components:io.flutter.plugins.firebase.core.FlutterFirebaseCoreRegistrar"
75-->[:firebase_core] AndroidManifest.xml:12:17-124
76                android:value="com.google.firebase.components.ComponentRegistrar" />
76-->[:firebase_core] AndroidManifest.xml:13:17-82
77            <meta-data
77-->[com.google.firebase:firebase-auth:22.1.1] AndroidManifest.xml:69:13-71:85
78                android:name="com.google.firebase.components:com.google.firebase.auth.FirebaseAuthRegistrar"
78-->[com.google.firebase:firebase-auth:22.1.1] AndroidManifest.xml:70:17-109
79                android:value="com.google.firebase.components.ComponentRegistrar" />
79-->[com.google.firebase:firebase-auth:22.1.1] AndroidManifest.xml:71:17-82
80            <meta-data
80-->[com.google.firebase:firebase-firestore:24.7.1] AndroidManifest.xml:17:13-19:85
81                android:name="com.google.firebase.components:com.google.firebase.firestore.FirestoreRegistrar"
81-->[com.google.firebase:firebase-firestore:24.7.1] AndroidManifest.xml:18:17-111
82                android:value="com.google.firebase.components.ComponentRegistrar" />
82-->[com.google.firebase:firebase-firestore:24.7.1] AndroidManifest.xml:19:17-82
83        </service>
84
85        <activity
85-->[:flutter_inappwebview] AndroidManifest.xml:16:9-20:47
86            android:name="com.pichillilorenzo.flutter_inappwebview.in_app_browser.InAppBrowserActivity"
86-->[:flutter_inappwebview] AndroidManifest.xml:17:13-104
87            android:configChanges="orientation|keyboardHidden|keyboard|screenSize|locale|layoutDirection|fontScale|screenLayout|density"
87-->[:flutter_inappwebview] AndroidManifest.xml:18:13-137
88            android:exported="false"
88-->[:flutter_inappwebview] AndroidManifest.xml:19:13-37
89            android:theme="@style/AppTheme" />
89-->[:flutter_inappwebview] AndroidManifest.xml:20:13-44
90        <activity
90-->[:flutter_inappwebview] AndroidManifest.xml:21:9-24:55
91            android:name="com.pichillilorenzo.flutter_inappwebview.chrome_custom_tabs.ChromeCustomTabsActivity"
91-->[:flutter_inappwebview] AndroidManifest.xml:22:13-112
92            android:exported="false"
92-->[:flutter_inappwebview] AndroidManifest.xml:23:13-37
93            android:theme="@style/ThemeTransparent" />
93-->[:flutter_inappwebview] AndroidManifest.xml:24:13-52
94        <activity
94-->[:flutter_inappwebview] AndroidManifest.xml:25:9-28:55
95            android:name="com.pichillilorenzo.flutter_inappwebview.chrome_custom_tabs.TrustedWebActivity"
95-->[:flutter_inappwebview] AndroidManifest.xml:26:13-106
96            android:exported="false"
96-->[:flutter_inappwebview] AndroidManifest.xml:27:13-37
97            android:theme="@style/ThemeTransparent" />
97-->[:flutter_inappwebview] AndroidManifest.xml:28:13-52
98        <activity
98-->[:flutter_inappwebview] AndroidManifest.xml:29:9-33:55
99            android:name="com.pichillilorenzo.flutter_inappwebview.chrome_custom_tabs.ChromeCustomTabsActivitySingleInstance"
99-->[:flutter_inappwebview] AndroidManifest.xml:30:13-126
100            android:exported="false"
100-->[:flutter_inappwebview] AndroidManifest.xml:31:13-37
101            android:launchMode="singleInstance"
101-->[:flutter_inappwebview] AndroidManifest.xml:32:13-48
102            android:theme="@style/ThemeTransparent" />
102-->[:flutter_inappwebview] AndroidManifest.xml:33:13-52
103        <activity
103-->[:flutter_inappwebview] AndroidManifest.xml:34:9-38:55
104            android:name="com.pichillilorenzo.flutter_inappwebview.chrome_custom_tabs.TrustedWebActivitySingleInstance"
104-->[:flutter_inappwebview] AndroidManifest.xml:35:13-120
105            android:exported="false"
105-->[:flutter_inappwebview] AndroidManifest.xml:36:13-37
106            android:launchMode="singleInstance"
106-->[:flutter_inappwebview] AndroidManifest.xml:37:13-48
107            android:theme="@style/ThemeTransparent" />
107-->[:flutter_inappwebview] AndroidManifest.xml:38:13-52
108
109        <receiver
109-->[:flutter_inappwebview] AndroidManifest.xml:40:9-43:40
110            android:name="com.pichillilorenzo.flutter_inappwebview.chrome_custom_tabs.ActionBroadcastReceiver"
110-->[:flutter_inappwebview] AndroidManifest.xml:41:13-111
111            android:enabled="true"
111-->[:flutter_inappwebview] AndroidManifest.xml:42:13-35
112            android:exported="false" />
112-->[:flutter_inappwebview] AndroidManifest.xml:43:13-37
113
114        <meta-data
114-->[:flutter_inappwebview] AndroidManifest.xml:45:9-47:36
115            android:name="io.flutter.embedded_views_preview"
115-->[:flutter_inappwebview] AndroidManifest.xml:46:13-61
116            android:value="true" />
116-->[:flutter_inappwebview] AndroidManifest.xml:47:13-33
117
118        <activity
118-->[com.google.firebase:firebase-auth:22.1.1] AndroidManifest.xml:29:9-46:20
119            android:name="com.google.firebase.auth.internal.GenericIdpActivity"
119-->[com.google.firebase:firebase-auth:22.1.1] AndroidManifest.xml:30:13-80
120            android:excludeFromRecents="true"
120-->[com.google.firebase:firebase-auth:22.1.1] AndroidManifest.xml:31:13-46
121            android:exported="true"
121-->[com.google.firebase:firebase-auth:22.1.1] AndroidManifest.xml:32:13-36
122            android:launchMode="singleTask"
122-->[com.google.firebase:firebase-auth:22.1.1] AndroidManifest.xml:33:13-44
123            android:theme="@android:style/Theme.Translucent.NoTitleBar" >
123-->[com.google.firebase:firebase-auth:22.1.1] AndroidManifest.xml:34:13-72
124            <intent-filter>
124-->[com.google.firebase:firebase-auth:22.1.1] AndroidManifest.xml:35:13-45:29
125                <action android:name="android.intent.action.VIEW" />
125-->[com.google.firebase:firebase-auth:22.1.1] AndroidManifest.xml:36:17-69
125-->[com.google.firebase:firebase-auth:22.1.1] AndroidManifest.xml:36:25-66
126
127                <category android:name="android.intent.category.DEFAULT" />
127-->[com.google.firebase:firebase-auth:22.1.1] AndroidManifest.xml:38:17-76
127-->[com.google.firebase:firebase-auth:22.1.1] AndroidManifest.xml:38:27-73
128                <category android:name="android.intent.category.BROWSABLE" />
128-->[com.google.firebase:firebase-auth:22.1.1] AndroidManifest.xml:39:17-78
128-->[com.google.firebase:firebase-auth:22.1.1] AndroidManifest.xml:39:27-75
129
130                <data
130-->[com.google.firebase:firebase-auth:22.1.1] AndroidManifest.xml:41:17-44:51
131                    android:host="firebase.auth"
131-->[com.google.firebase:firebase-auth:22.1.1] AndroidManifest.xml:42:21-49
132                    android:path="/"
132-->[com.google.firebase:firebase-auth:22.1.1] AndroidManifest.xml:43:21-37
133                    android:scheme="genericidp" />
133-->[com.google.firebase:firebase-auth:22.1.1] AndroidManifest.xml:44:21-48
134            </intent-filter>
135        </activity>
136        <activity
136-->[com.google.firebase:firebase-auth:22.1.1] AndroidManifest.xml:47:9-64:20
137            android:name="com.google.firebase.auth.internal.RecaptchaActivity"
137-->[com.google.firebase:firebase-auth:22.1.1] AndroidManifest.xml:48:13-79
138            android:excludeFromRecents="true"
138-->[com.google.firebase:firebase-auth:22.1.1] AndroidManifest.xml:49:13-46
139            android:exported="true"
139-->[com.google.firebase:firebase-auth:22.1.1] AndroidManifest.xml:50:13-36
140            android:launchMode="singleTask"
140-->[com.google.firebase:firebase-auth:22.1.1] AndroidManifest.xml:51:13-44
141            android:theme="@android:style/Theme.Translucent.NoTitleBar" >
141-->[com.google.firebase:firebase-auth:22.1.1] AndroidManifest.xml:52:13-72
142            <intent-filter>
142-->[com.google.firebase:firebase-auth:22.1.1] AndroidManifest.xml:53:13-63:29
143                <action android:name="android.intent.action.VIEW" />
143-->[com.google.firebase:firebase-auth:22.1.1] AndroidManifest.xml:36:17-69
143-->[com.google.firebase:firebase-auth:22.1.1] AndroidManifest.xml:36:25-66
144
145                <category android:name="android.intent.category.DEFAULT" />
145-->[com.google.firebase:firebase-auth:22.1.1] AndroidManifest.xml:38:17-76
145-->[com.google.firebase:firebase-auth:22.1.1] AndroidManifest.xml:38:27-73
146                <category android:name="android.intent.category.BROWSABLE" />
146-->[com.google.firebase:firebase-auth:22.1.1] AndroidManifest.xml:39:17-78
146-->[com.google.firebase:firebase-auth:22.1.1] AndroidManifest.xml:39:27-75
147
148                <data
148-->[com.google.firebase:firebase-auth:22.1.1] AndroidManifest.xml:41:17-44:51
149                    android:host="firebase.auth"
149-->[com.google.firebase:firebase-auth:22.1.1] AndroidManifest.xml:42:21-49
150                    android:path="/"
150-->[com.google.firebase:firebase-auth:22.1.1] AndroidManifest.xml:43:21-37
151                    android:scheme="recaptcha" />
151-->[com.google.firebase:firebase-auth:22.1.1] AndroidManifest.xml:44:21-48
152            </intent-filter>
153        </activity>
154
155        <uses-library
155-->[androidx.window:window:1.0.0-beta04] AndroidManifest.xml:25:9-27:40
156            android:name="androidx.window.extensions"
156-->[androidx.window:window:1.0.0-beta04] AndroidManifest.xml:26:13-54
157            android:required="false" />
157-->[androidx.window:window:1.0.0-beta04] AndroidManifest.xml:27:13-37
158        <uses-library
158-->[androidx.window:window:1.0.0-beta04] AndroidManifest.xml:28:9-30:40
159            android:name="androidx.window.sidecar"
159-->[androidx.window:window:1.0.0-beta04] AndroidManifest.xml:29:13-51
160            android:required="false" />
160-->[androidx.window:window:1.0.0-beta04] AndroidManifest.xml:30:13-37
161
162        <activity
162-->[com.google.android.gms:play-services-auth:20.6.0] AndroidManifest.xml:23:9-27:75
163            android:name="com.google.android.gms.auth.api.signin.internal.SignInHubActivity"
163-->[com.google.android.gms:play-services-auth:20.6.0] AndroidManifest.xml:24:13-93
164            android:excludeFromRecents="true"
164-->[com.google.android.gms:play-services-auth:20.6.0] AndroidManifest.xml:25:13-46
165            android:exported="false"
165-->[com.google.android.gms:play-services-auth:20.6.0] AndroidManifest.xml:26:13-37
166            android:theme="@android:style/Theme.Translucent.NoTitleBar" />
166-->[com.google.android.gms:play-services-auth:20.6.0] AndroidManifest.xml:27:13-72
167        <!--
168            Service handling Google Sign-In user revocation. For apps that do not integrate with
169            Google Sign-In, this service will never be started.
170        -->
171        <service
171-->[com.google.android.gms:play-services-auth:20.6.0] AndroidManifest.xml:33:9-37:51
172            android:name="com.google.android.gms.auth.api.signin.RevocationBoundService"
172-->[com.google.android.gms:play-services-auth:20.6.0] AndroidManifest.xml:34:13-89
173            android:exported="true"
173-->[com.google.android.gms:play-services-auth:20.6.0] AndroidManifest.xml:35:13-36
174            android:permission="com.google.android.gms.auth.api.signin.permission.REVOCATION_NOTIFICATION"
174-->[com.google.android.gms:play-services-auth:20.6.0] AndroidManifest.xml:36:13-107
175            android:visibleToInstantApps="true" />
175-->[com.google.android.gms:play-services-auth:20.6.0] AndroidManifest.xml:37:13-48
176
177        <provider
177-->[com.google.firebase:firebase-common:20.3.3] AndroidManifest.xml:25:9-30:39
178            android:name="com.google.firebase.provider.FirebaseInitProvider"
178-->[com.google.firebase:firebase-common:20.3.3] AndroidManifest.xml:26:13-77
179            android:authorities="com.example.bastan2.firebaseinitprovider"
179-->[com.google.firebase:firebase-common:20.3.3] AndroidManifest.xml:27:13-72
180            android:directBootAware="true"
180-->[com.google.firebase:firebase-common:20.3.3] AndroidManifest.xml:28:13-43
181            android:exported="false"
181-->[com.google.firebase:firebase-common:20.3.3] AndroidManifest.xml:29:13-37
182            android:initOrder="100" />
182-->[com.google.firebase:firebase-common:20.3.3] AndroidManifest.xml:30:13-36
183
184        <activity
184-->[com.google.android.gms:play-services-base:18.0.1] AndroidManifest.xml:20:9-22:45
185            android:name="com.google.android.gms.common.api.GoogleApiActivity"
185-->[com.google.android.gms:play-services-base:18.0.1] AndroidManifest.xml:20:19-85
186            android:exported="false"
186-->[com.google.android.gms:play-services-base:18.0.1] AndroidManifest.xml:22:19-43
187            android:theme="@android:style/Theme.Translucent.NoTitleBar" />
187-->[com.google.android.gms:play-services-base:18.0.1] AndroidManifest.xml:21:19-78
188
189        <meta-data
189-->[com.google.android.gms:play-services-basement:18.2.0] AndroidManifest.xml:21:9-23:69
190            android:name="com.google.android.gms.version"
190-->[com.google.android.gms:play-services-basement:18.2.0] AndroidManifest.xml:22:13-58
191            android:value="@integer/google_play_services_version" />
191-->[com.google.android.gms:play-services-basement:18.2.0] AndroidManifest.xml:23:13-66
192
193        <provider
193-->[androidx.emoji2:emoji2:1.2.0] AndroidManifest.xml:24:9-32:20
194            android:name="androidx.startup.InitializationProvider"
194-->[androidx.emoji2:emoji2:1.2.0] AndroidManifest.xml:25:13-67
195            android:authorities="com.example.bastan2.androidx-startup"
195-->[androidx.emoji2:emoji2:1.2.0] AndroidManifest.xml:26:13-68
196            android:exported="false" >
196-->[androidx.emoji2:emoji2:1.2.0] AndroidManifest.xml:27:13-37
197            <meta-data
197-->[androidx.emoji2:emoji2:1.2.0] AndroidManifest.xml:29:13-31:52
198                android:name="androidx.emoji2.text.EmojiCompatInitializer"
198-->[androidx.emoji2:emoji2:1.2.0] AndroidManifest.xml:30:17-75
199                android:value="androidx.startup" />
199-->[androidx.emoji2:emoji2:1.2.0] AndroidManifest.xml:31:17-49
200            <meta-data
200-->[androidx.lifecycle:lifecycle-process:2.4.1] AndroidManifest.xml:31:13-33:52
201                android:name="androidx.lifecycle.ProcessLifecycleInitializer"
201-->[androidx.lifecycle:lifecycle-process:2.4.1] AndroidManifest.xml:32:17-78
202                android:value="androidx.startup" />
202-->[androidx.lifecycle:lifecycle-process:2.4.1] AndroidManifest.xml:33:17-49
203        </provider>
204    </application>
205
206</manifest>